<?xml version="1.0" encoding="UTF-8"?>
<!-- Generated by org.testng.reporters.JUnitXMLReporter -->
<testsuite hostname="LAPTOP-I5MPUN7Q" ignored="7" name="Test" tests="10" failures="0" timestamp="2022-06-17T14:41:25 IST" time="484.798" errors="0">
  <testcase name="endToEndTest" time="105.465" classname="com.mystore.testcases.EndToEndTest"/>
  <testcase name="verifyAccountPageTest" time="8.429" classname="com.mystore.testcases.AccountCreationPageTest"/>
  <testcase name="addToCart" time="14.281" classname="com.mystore.testcases.AddToCartTest"/>
  <testcase name="orderHistoryTest" time="15.717" classname="com.mystore.testcases.HomePageTest"/>
  <testcase name="wishListTest" time="127.061" classname="com.mystore.testcases.HomePageTest"/>
  <testcase name="verifyLogo" time="0.114" classname="com.mystore.testcases.IndexPageTest"/>
  <testcase name="verifyTitle" time="0.022" classname="com.mystore.testcases.IndexPageTest"/>
  <testcase name="loginTest" time="14.783" classname="com.mystore.testcases.LoginPageTest"/>
  <testcase name="verifyTotalPrice" time="18.387" classname="com.mystore.testcases.OrderPageTest"/>
  <testcase name="productAvalabiltyTest" time="7.979" classname="com.mystore.testcases.SearchResultPageTest"/>
  <testcase name="@BeforeTest loadConfig" time="0.0" classname="com.mystore.base.BaseClass">
    <ignored/>
  </testcase> <!-- @BeforeTest loadConfig -->
  <testcase name="@BeforeTest loadConfig" time="0.0" classname="com.mystore.base.BaseClass">
    <ignored/>
  </testcase> <!-- @BeforeTest loadConfig -->
  <testcase name="@BeforeTest loadConfig" time="0.0" classname="com.mystore.base.BaseClass">
    <ignored/>
  </testcase> <!-- @BeforeTest loadConfig -->
  <testcase name="@BeforeTest loadConfig" time="0.0" classname="com.mystore.base.BaseClass">
    <ignored/>
  </testcase> <!-- @BeforeTest loadConfig -->
  <testcase name="@BeforeTest loadConfig" time="0.0" classname="com.mystore.base.BaseClass">
    <ignored/>
  </testcase> <!-- @BeforeTest loadConfig -->
  <testcase name="@BeforeTest loadConfig" time="0.0" classname="com.mystore.base.BaseClass">
    <ignored/>
  </testcase> <!-- @BeforeTest loadConfig -->
  <testcase name="@BeforeTest loadConfig" time="0.0" classname="com.mystore.base.BaseClass">
    <ignored/>
  </testcase> <!-- @BeforeTest loadConfig -->
</testsuite> <!-- Test -->
