<?xml version="1.0" encoding="UTF-8"?>
<testng-results skipped="0" failed="0" ignored="0" total="1" passed="1">
  <reporter-output>
  </reporter-output>
  <suite name="Default suite" duration-ms="32465" started-at="2022-06-17T15:39:21 IST" finished-at="2022-06-17T15:39:53 IST">
    <groups>
      <group name="Sanity">
        <method signature="AddToCartTest.addToCart()[pri:0, instance:com.mystore.testcases.AddToCartTest@7403c468]" name="addToCart" class="com.mystore.testcases.AddToCartTest"/>
      </group> <!-- Sanity -->
      <group name="Regression">
        <method signature="AddToCartTest.addToCart()[pri:0, instance:com.mystore.testcases.AddToCartTest@7403c468]" name="addToCart" class="com.mystore.testcases.AddToCartTest"/>
      </group> <!-- Regression -->
    </groups>
    <test name="Default test" duration-ms="32465" started-at="2022-06-17T15:39:21 IST" finished-at="2022-06-17T15:39:53 IST">
      <class name="com.mystore.testcases.AddToCartTest">
        <test-method status="PASS" signature="loadConfig()[pri:0, instance:com.mystore.testcases.AddToCartTest@7403c468]" name="loadConfig" is-config="true" duration-ms="6" started-at="2022-06-17T15:39:21 IST" finished-at="2022-06-17T15:39:21 IST">
          <reporter-output>
          </reporter-output>
        </test-method> <!-- loadConfig -->
        <test-method status="PASS" signature="setup()[pri:0, instance:com.mystore.testcases.AddToCartTest@7403c468]" name="setup" is-config="true" duration-ms="8700" started-at="2022-06-17T15:39:21 IST" finished-at="2022-06-17T15:39:30 IST">
          <reporter-output>
          </reporter-output>
        </test-method> <!-- setup -->
        <test-method status="PASS" signature="addToCart()[pri:0, instance:com.mystore.testcases.AddToCartTest@7403c468]" name="addToCart" duration-ms="22984" started-at="2022-06-17T15:39:30 IST" finished-at="2022-06-17T15:39:53 IST">
          <reporter-output>
          </reporter-output>
        </test-method> <!-- addToCart -->
        <test-method status="PASS" signature="tearDown()[pri:0, instance:com.mystore.testcases.AddToCartTest@7403c468]" name="tearDown" is-config="true" duration-ms="747" started-at="2022-06-17T15:39:53 IST" finished-at="2022-06-17T15:39:53 IST">
          <reporter-output>
          </reporter-output>
        </test-method> <!-- tearDown -->
      </class> <!-- com.mystore.testcases.AddToCartTest -->
    </test> <!-- Default test -->
  </suite> <!-- Default suite -->
</testng-results>
